mode: set
github.com/daffaalex22/seleksi-deall/business/users/usecase.go:19.136,25.2 1 1
github.com/daffaalex22/seleksi-deall/business/users/usecase.go:27.93,28.24 1 1
github.com/daffaalex22/seleksi-deall/business/users/usecase.go:32.2,32.27 1 1
github.com/daffaalex22/seleksi-deall/business/users/usecase.go:36.2,37.16 2 1
github.com/daffaalex22/seleksi-deall/business/users/usecase.go:41.2,43.16 2 1
github.com/daffaalex22/seleksi-deall/business/users/usecase.go:46.2,46.18 1 1
github.com/daffaalex22/seleksi-deall/business/users/usecase.go:28.24,30.3 1 1
github.com/daffaalex22/seleksi-deall/business/users/usecase.go:32.27,34.3 1 1
github.com/daffaalex22/seleksi-deall/business/users/usecase.go:37.16,39.3 1 1
github.com/daffaalex22/seleksi-deall/business/users/usecase.go:43.16,45.3 1 0
github.com/daffaalex22/seleksi-deall/business/users/usecase.go:49.81,52.16 3 1
github.com/daffaalex22/seleksi-deall/business/users/usecase.go:56.2,56.20 1 1
github.com/daffaalex22/seleksi-deall/business/users/usecase.go:52.16,54.3 1 1
github.com/daffaalex22/seleksi-deall/business/users/usecase.go:59.91,62.16 2 1
github.com/daffaalex22/seleksi-deall/business/users/usecase.go:65.2,65.38 1 1
github.com/daffaalex22/seleksi-deall/business/users/usecase.go:69.2,69.19 1 1
github.com/daffaalex22/seleksi-deall/business/users/usecase.go:62.16,64.3 1 1
github.com/daffaalex22/seleksi-deall/business/users/usecase.go:65.38,67.3 1 0
github.com/daffaalex22/seleksi-deall/business/users/usecase.go:72.91,73.21 1 1
github.com/daffaalex22/seleksi-deall/business/users/usecase.go:76.2,76.23 1 1
github.com/daffaalex22/seleksi-deall/business/users/usecase.go:79.2,79.24 1 1
github.com/daffaalex22/seleksi-deall/business/users/usecase.go:82.2,82.27 1 1
github.com/daffaalex22/seleksi-deall/business/users/usecase.go:86.2,87.19 2 1
github.com/daffaalex22/seleksi-deall/business/users/usecase.go:90.2,90.19 1 1
github.com/daffaalex22/seleksi-deall/business/users/usecase.go:73.21,75.3 1 1
github.com/daffaalex22/seleksi-deall/business/users/usecase.go:76.23,78.3 1 1
github.com/daffaalex22/seleksi-deall/business/users/usecase.go:79.24,81.3 1 1
github.com/daffaalex22/seleksi-deall/business/users/usecase.go:82.27,84.3 1 1
github.com/daffaalex22/seleksi-deall/business/users/usecase.go:87.19,89.3 1 0
github.com/daffaalex22/seleksi-deall/business/users/usecase.go:93.94,95.21 1 1
github.com/daffaalex22/seleksi-deall/business/users/usecase.go:98.2,98.23 1 1
github.com/daffaalex22/seleksi-deall/business/users/usecase.go:101.2,101.24 1 1
github.com/daffaalex22/seleksi-deall/business/users/usecase.go:104.2,104.27 1 1
github.com/daffaalex22/seleksi-deall/business/users/usecase.go:108.2,109.19 2 1
github.com/daffaalex22/seleksi-deall/business/users/usecase.go:112.2,112.59 1 1
github.com/daffaalex22/seleksi-deall/business/users/usecase.go:115.2,115.19 1 1
github.com/daffaalex22/seleksi-deall/business/users/usecase.go:95.21,97.3 1 1
github.com/daffaalex22/seleksi-deall/business/users/usecase.go:98.23,100.3 1 1
github.com/daffaalex22/seleksi-deall/business/users/usecase.go:101.24,103.3 1 1
github.com/daffaalex22/seleksi-deall/business/users/usecase.go:104.27,106.3 1 1
github.com/daffaalex22/seleksi-deall/business/users/usecase.go:109.19,111.3 1 1
github.com/daffaalex22/seleksi-deall/business/users/usecase.go:112.59,114.3 1 0
github.com/daffaalex22/seleksi-deall/business/users/usecase.go:118.80,120.19 2 1
github.com/daffaalex22/seleksi-deall/business/users/usecase.go:123.2,123.12 1 1
github.com/daffaalex22/seleksi-deall/business/users/usecase.go:120.19,122.3 1 1
